0 info it worked if it ends with ok
1 verbose cli [ '/home/ishibashi/.anyenv/envs/nodenv/versions/6.2.0/bin/node',
1 verbose cli   '/home/ishibashi/.anyenv/envs/nodenv/versions/6.2.0/bin/npm',
1 verbose cli   'run',
1 verbose cli   'test' ]
2 info using npm@3.8.9
3 info using node@v6.2.0
4 verbose run-script [ 'pretest', 'test', 'posttest' ]
5 info lifecycle 2048Solver@1.0.0~pretest: 2048Solver@1.0.0
6 silly lifecycle 2048Solver@1.0.0~pretest: no script for pretest, continuing
7 info lifecycle 2048Solver@1.0.0~test: 2048Solver@1.0.0
8 verbose lifecycle 2048Solver@1.0.0~test: unsafe-perm in lifecycle true
9 verbose lifecycle 2048Solver@1.0.0~test: PATH: /home/ishibashi/.anyenv/envs/nodenv/versions/6.2.0/lib/node_modules/npm/bin/node-gyp-bin:/home/ishibashi/Documents/til/20160719_js_2048solver/node_modules/.bin:/home/ishibashi/.anyenv/envs/nodenv/versions/6.2.0/bin:/home/ishibashi/.anyenv/envs/nodenv/versions/6.2.0/bin:/home/ishibashi/.anyenv/envs/nodenv/libexec:/home/ishibashi/.anyenv/envs/nodenv/plugins/nodenv-vars/bin:/home/ishibashi/.anyenv/envs/nodenv/plugins/nodenv-update/bin:/home/ishibashi/.anyenv/envs/nodenv/plugins/node-build/bin:/home/ishibashi/.cache/zplug/bin:/home/ishibashi/.cache/zplug/bin:/home/ishibashi/.anyenv/envs/rbenv/shims:/home/ishibashi/.anyenv/envs/rbenv/bin:/home/ishibashi/.anyenv/envs/pyenv/shims:/home/ishibashi/.anyenv/envs/pyenv/bin:/home/ishibashi/.anyenv/envs/nodenv/shims:/home/ishibashi/.anyenv/envs/nodenv/bin:/home/ishibashi/.anyenv/envs/goenv/bin:/home/ishibashi/.anyenv/bin:/home/ishibashi/bin:/home/ishibashi/Dropbox/forpath:/home/ishibashi/.anyenv/envs/goenv/shims:/usr/local/sbin:/usr/local/bin:/usr/sbin:/usr/bin:/sbin:/bin:/usr/games:/usr/local/games:/snap/bin
10 verbose lifecycle 2048Solver@1.0.0~test: CWD: /home/ishibashi/Documents/til/20160719_js_2048solver
11 silly lifecycle 2048Solver@1.0.0~test: Args: [ '-c',
11 silly lifecycle   'mocha --compilers js:babel-register --recursive --timeout 5000' ]
12 silly lifecycle 2048Solver@1.0.0~test: Returned: code: 1  signal: null
13 info lifecycle 2048Solver@1.0.0~test: Failed to exec test script
14 verbose stack Error: 2048Solver@1.0.0 test: `mocha --compilers js:babel-register --recursive --timeout 5000`
14 verbose stack Exit status 1
14 verbose stack     at EventEmitter.<anonymous> (/home/ishibashi/.anyenv/envs/nodenv/versions/6.2.0/lib/node_modules/npm/lib/utils/lifecycle.js:245:16)
14 verbose stack     at emitTwo (events.js:106:13)
14 verbose stack     at EventEmitter.emit (events.js:191:7)
14 verbose stack     at ChildProcess.<anonymous> (/home/ishibashi/.anyenv/envs/nodenv/versions/6.2.0/lib/node_modules/npm/lib/utils/spawn.js:24:14)
14 verbose stack     at emitTwo (events.js:106:13)
14 verbose stack     at ChildProcess.emit (events.js:191:7)
14 verbose stack     at maybeClose (internal/child_process.js:850:16)
14 verbose stack     at Process.ChildProcess._handle.onexit (internal/child_process.js:215:5)
15 verbose pkgid 2048Solver@1.0.0
16 verbose cwd /home/ishibashi/Documents/til/20160719_js_2048solver
17 error Linux 4.4.0-22-generic
18 error argv "/home/ishibashi/.anyenv/envs/nodenv/versions/6.2.0/bin/node" "/home/ishibashi/.anyenv/envs/nodenv/versions/6.2.0/bin/npm" "run" "test"
19 error node v6.2.0
20 error npm  v3.8.9
21 error code ELIFECYCLE
22 error 2048Solver@1.0.0 test: `mocha --compilers js:babel-register --recursive --timeout 5000`
22 error Exit status 1
23 error Failed at the 2048Solver@1.0.0 test script 'mocha --compilers js:babel-register --recursive --timeout 5000'.
23 error Make sure you have the latest version of node.js and npm installed.
23 error If you do, this is most likely a problem with the 2048Solver package,
23 error not with npm itself.
23 error Tell the author that this fails on your system:
23 error     mocha --compilers js:babel-register --recursive --timeout 5000
23 error You can get information on how to open an issue for this project with:
23 error     npm bugs 2048Solver
23 error Or if that isn't available, you can get their info via:
23 error     npm owner ls 2048Solver
23 error There is likely additional logging output above.
24 verbose exit [ 1, true ]
